# JRE version: Java(TM) SE Runtime Environment (17.0.9+11) (build 17.0.9+11-LTS-201)
# Java VM: Java HotSpot(TM) 64-Bit Server VM (17.0.9+11-LTS-201, mixed mode, sharing, tiered, compressed oops, compressed class ptrs, g1 gc, windows-amd64)
GC Precious Log:
 CPUs: 12 total, 12 available
 Memory: 7876M
 Large Page Support: Disabled
 NUMA Support: Disabled
 Compressed Oops: Enabled (32-bit)
 Heap Region Size: 1M
 Heap Min Capacity: 8M
 Heap Initial Capacity: 124M
 Heap Max Capacity: 1970M
 Pre-touch: Disabled
 Parallel Workers: 10
 Concurrent Workers: 3
 Concurrent Refinement Workers: 10
 Periodic GC: Disabled
Heap:
 garbage-first heap   total 321536K, used 132704K [0x0000000084e00000, 0x0000000100000000)
  region size 1024K, 64 young (65536K), 1 survivors (1024K)
 Metaspace       used 77142K, committed 77824K, reserved 1179648K
  class space    used 10569K, committed 10880K, reserved 1048576K
GC Heap History (20 events):
Event: 16.465 GC heap before
{Heap before GC invocations=29 (full 0):
 garbage-first heap   total 76800K, used 57915K [0x0000000084e00000, 0x0000000100000000)
  region size 1024K, 21 young (21504K), 3 survivors (3072K)
 Metaspace       used 71454K, committed 72064K, reserved 1114112K
  class space    used 9787K, committed 10048K, reserved 1048576K
}
Event: 16.468 GC heap after
{Heap after GC invocations=30 (full 0):
 garbage-first heap   total 76800K, used 41310K [0x0000000084e00000, 0x0000000100000000)
  region size 1024K, 1 young (1024K), 1 survivors (1024K)
 Metaspace       used 71454K, committed 72064K, reserved 1114112K
  class space    used 9787K, committed 10048K, reserved 1048576K
}
Event: 16.805 GC heap before
{Heap before GC invocations=30 (full 0):
 garbage-first heap   total 76800K, used 61790K [0x0000000084e00000, 0x0000000100000000)
  region size 1024K, 22 young (22528K), 1 survivors (1024K)
 Metaspace       used 73731K, committed 74368K, reserved 1114112K
  class space    used 10223K, committed 10560K, reserved 1048576K
}
Event: 16.808 GC heap after
{Heap after GC invocations=31 (full 0):
 garbage-first heap   total 76800K, used 42619K [0x0000000084e00000, 0x0000000100000000)
  region size 1024K, 3 young (3072K), 3 survivors (3072K)
 Metaspace       used 73731K, committed 74368K, reserved 1114112K
  class space    used 10223K, committed 10560K, reserved 1048576K
}
Event: 16.945 GC heap before
{Heap before GC invocations=32 (full 0):
 garbage-first heap   total 89088K, used 62075K [0x0000000084e00000, 0x0000000100000000)
  region size 1024K, 22 young (22528K), 3 survivors (3072K)
 Metaspace       used 73786K, committed 74432K, reserved 1114112K
  class space    used 10233K, committed 10560K, reserved 1048576K
}
Event: 16.951 GC heap after
{Heap after GC invocations=33 (full 0):
 garbage-first heap   total 89088K, used 46429K [0x0000000084e00000, 0x0000000100000000)
  region size 1024K, 3 young (3072K), 3 survivors (3072K)
 Metaspace       used 73786K, committed 74432K, reserved 1114112K
  class space    used 10233K, committed 10560K, reserved 1048576K
}
Event: 17.078 GC heap before
{Heap before GC invocations=33 (full 0):
 garbage-first heap   total 89088K, used 71005K [0x0000000084e00000, 0x0000000100000000)
  region size 1024K, 27 young (27648K), 3 survivors (3072K)
 Metaspace       used 73921K, committed 74496K, reserved 1114112K
  class space    used 10253K, committed 10560K, reserved 1048576K
}
Event: 17.084 GC heap after
{Heap after GC invocations=34 (full 0):
 garbage-first heap   total 123904K, used 50029K [0x0000000084e00000, 0x0000000100000000)
  region size 1024K, 4 young (4096K), 4 survivors (4096K)
 Metaspace       used 73921K, committed 74496K, reserved 1114112K
  class space    used 10253K, committed 10560K, reserved 1048576K
}
Event: 17.248 GC heap before
{Heap before GC invocations=35 (full 0):
 garbage-first heap   total 123904K, used 92013K [0x0000000084e00000, 0x0000000100000000)
  region size 1024K, 45 young (46080K), 4 survivors (4096K)
 Metaspace       used 73949K, committed 74560K, reserved 1114112K
  class space    used 10254K, committed 10560K, reserved 1048576K
}
Event: 17.254 GC heap after
{Heap after GC invocations=36 (full 0):
 garbage-first heap   total 123904K, used 52515K [0x0000000084e00000, 0x0000000100000000)
  region size 1024K, 3 young (3072K), 3 survivors (3072K)
 Metaspace       used 73949K, committed 74560K, reserved 1114112K
  class space    used 10254K, committed 10560K, reserved 1048576K
}
Event: 17.403 GC heap before
{Heap before GC invocations=36 (full 0):
 garbage-first heap   total 123904K, used 94499K [0x0000000084e00000, 0x0000000100000000)
  region size 1024K, 44 young (45056K), 3 survivors (3072K)
 Metaspace       used 73981K, committed 74560K, reserved 1114112K
  class space    used 10255K, committed 10560K, reserved 1048576K
}
Event: 17.409 GC heap after
{Heap after GC invocations=37 (full 0):
 garbage-first heap   total 123904K, used 56926K [0x0000000084e00000, 0x0000000100000000)
  region size 1024K, 6 young (6144K), 6 survivors (6144K)
 Metaspace       used 73981K, committed 74560K, reserved 1114112K
  class space    used 10255K, committed 10560K, reserved 1048576K
}
Event: 17.524 GC heap before
{Heap before GC invocations=37 (full 0):
 garbage-first heap   total 123904K, used 93790K [0x0000000084e00000, 0x0000000100000000)
  region size 1024K, 42 young (43008K), 6 survivors (6144K)
 Metaspace       used 73981K, committed 74560K, reserved 1114112K
  class space    used 10255K, committed 10560K, reserved 1048576K
}
Event: 17.536 GC heap after
{Heap after GC invocations=38 (full 0):
 garbage-first heap   total 123904K, used 68948K [0x0000000084e00000, 0x0000000100000000)
  region size 1024K, 6 young (6144K), 6 survivors (6144K)
 Metaspace       used 73981K, committed 74560K, reserved 1114112K
  class space    used 10255K, committed 10560K, reserved 1048576K
}
Event: 17.633 GC heap before
{Heap before GC invocations=38 (full 0):
 garbage-first heap   total 123904K, used 93524K [0x0000000084e00000, 0x0000000100000000)
  region size 1024K, 30 young (30720K), 6 survivors (6144K)
 Metaspace       used 73982K, committed 74560K, reserved 1114112K
  class space    used 10255K, committed 10560K, reserved 1048576K
}
Event: 17.641 GC heap after
{Heap after GC invocations=39 (full 0):
 garbage-first heap   total 123904K, used 71725K [0x0000000084e00000, 0x0000000100000000)
  region size 1024K, 2 young (2048K), 2 survivors (2048K)
 Metaspace       used 73982K, committed 74560K, reserved 1114112K
  class space    used 10255K, committed 10560K, reserved 1048576K
}
Event: 17.778 GC heap before
{Heap before GC invocations=40 (full 0):
 garbage-first heap   total 148480K, used 95277K [0x0000000084e00000, 0x0000000100000000)
  region size 1024K, 26 young (26624K), 2 survivors (2048K)
 Metaspace       used 73997K, committed 74560K, reserved 1114112K
  class space    used 10255K, committed 10560K, reserved 1048576K
}
Event: 17.783 GC heap after
{Heap after GC invocations=41 (full 0):
 garbage-first heap   total 148480K, used 70811K [0x0000000084e00000, 0x0000000100000000)
  region size 1024K, 2 young (2048K), 2 survivors (2048K)
 Metaspace       used 73997K, committed 74560K, reserved 1114112K
  class space    used 10255K, committed 10560K, reserved 1048576K
}
Event: 17.886 GC heap before
{Heap before GC invocations=41 (full 0):
 garbage-first heap   total 148480K, used 75931K [0x0000000084e00000, 0x0000000100000000)
  region size 1024K, 7 young (7168K), 2 survivors (2048K)
 Metaspace       used 74143K, committed 74752K, reserved 1114112K
  class space    used 10271K, committed 10560K, reserved 1048576K
}
Event: 17.980 GC heap after
{Heap after GC invocations=42 (full 0):
 garbage-first heap   total 321536K, used 69216K [0x0000000084e00000, 0x0000000100000000)
  region size 1024K, 1 young (1024K), 1 survivors (1024K)
 Metaspace       used 74143K, committed 74752K, reserved 1114112K
  class space    used 10271K, committed 10560K, reserved 1048576K
}

