# JRE version: Java(TM) SE Runtime Environment (17.0.9+11) (build 17.0.9+11-LTS-201)
# Java VM: Java HotSpot(TM) 64-Bit Server VM (17.0.9+11-LTS-201, mixed mode, sharing, tiered, compressed oops, compressed class ptrs, g1 gc, windows-amd64)
GC Precious Log:
 CPUs: 12 total, 12 available
 Memory: 7876M
 Large Page Support: Disabled
 NUMA Support: Disabled
 Compressed Oops: Enabled (32-bit)
 Heap Region Size: 1M
 Heap Min Capacity: 8M
 Heap Initial Capacity: 124M
 Heap Max Capacity: 1970M
 Pre-touch: Disabled
 Parallel Workers: 10
 Concurrent Workers: 3
 Concurrent Refinement Workers: 10
 Periodic GC: Disabled
Heap:
 garbage-first heap   total 270336K, used 132625K [0x0000000084e00000, 0x0000000100000000)
  region size 1024K, 65 young (66560K), 6 survivors (6144K)
 Metaspace       used 84345K, committed 84992K, reserved 1179648K
  class space    used 11483K, committed 11776K, reserved 1048576K
GC Heap History (20 events):
Event: 12.146 GC heap before
{Heap before GC invocations=17 (full 0):
 garbage-first heap   total 93184K, used 72632K [0x0000000084e00000, 0x0000000100000000)
  region size 1024K, 42 young (43008K), 2 survivors (2048K)
 Metaspace       used 65576K, committed 66176K, reserved 1114112K
  class space    used 8782K, committed 9088K, reserved 1048576K
}
Event: 12.150 GC heap after
{Heap after GC invocations=18 (full 0):
 garbage-first heap   total 93184K, used 32860K [0x0000000084e00000, 0x0000000100000000)
  region size 1024K, 4 young (4096K), 4 survivors (4096K)
 Metaspace       used 65576K, committed 66176K, reserved 1114112K
  class space    used 8782K, committed 9088K, reserved 1048576K
}
Event: 87.833 GC heap before
{Heap before GC invocations=18 (full 0):
 garbage-first heap   total 93184K, used 72796K [0x0000000084e00000, 0x0000000100000000)
  region size 1024K, 43 young (44032K), 4 survivors (4096K)
 Metaspace       used 69527K, committed 70144K, reserved 1114112K
  class space    used 9270K, committed 9600K, reserved 1048576K
}
Event: 87.841 GC heap after
{Heap after GC invocations=19 (full 0):
 garbage-first heap   total 93184K, used 36303K [0x0000000084e00000, 0x0000000100000000)
  region size 1024K, 6 young (6144K), 6 survivors (6144K)
 Metaspace       used 69527K, committed 70144K, reserved 1114112K
  class space    used 9270K, committed 9600K, reserved 1048576K
}
Event: 88.992 GC heap before
{Heap before GC invocations=19 (full 0):
 garbage-first heap   total 93184K, used 74191K [0x0000000084e00000, 0x0000000100000000)
  region size 1024K, 43 young (44032K), 6 survivors (6144K)
 Metaspace       used 74688K, committed 75328K, reserved 1114112K
  class space    used 10092K, committed 10368K, reserved 1048576K
}
Event: 89.004 GC heap after
{Heap after GC invocations=20 (full 0):
 garbage-first heap   total 93184K, used 39313K [0x0000000084e00000, 0x0000000100000000)
  region size 1024K, 3 young (3072K), 3 survivors (3072K)
 Metaspace       used 74688K, committed 75328K, reserved 1114112K
  class space    used 10092K, committed 10368K, reserved 1048576K
}
Event: 89.556 GC heap before
{Heap before GC invocations=20 (full 0):
 garbage-first heap   total 93184K, used 73105K [0x0000000084e00000, 0x0000000100000000)
  region size 1024K, 37 young (37888K), 3 survivors (3072K)
 Metaspace       used 77874K, committed 78592K, reserved 1179648K
  class space    used 10668K, committed 11008K, reserved 1048576K
}
Event: 89.563 GC heap after
{Heap after GC invocations=21 (full 0):
 garbage-first heap   total 112640K, used 44390K [0x0000000084e00000, 0x0000000100000000)
  region size 1024K, 5 young (5120K), 5 survivors (5120K)
 Metaspace       used 77874K, committed 78592K, reserved 1179648K
  class space    used 10668K, committed 11008K, reserved 1048576K
}
Event: 89.846 GC heap before
{Heap before GC invocations=21 (full 0):
 garbage-first heap   total 112640K, used 88422K [0x0000000084e00000, 0x0000000100000000)
  region size 1024K, 48 young (49152K), 5 survivors (5120K)
 Metaspace       used 78211K, committed 78848K, reserved 1179648K
  class space    used 10707K, committed 11008K, reserved 1048576K
}
Event: 89.852 GC heap after
{Heap after GC invocations=22 (full 0):
 garbage-first heap   total 112640K, used 49394K [0x0000000084e00000, 0x0000000100000000)
  region size 1024K, 5 young (5120K), 5 survivors (5120K)
 Metaspace       used 78211K, committed 78848K, reserved 1179648K
  class space    used 10707K, committed 11008K, reserved 1048576K
}
Event: 89.943 GC heap before
{Heap before GC invocations=22 (full 0):
 garbage-first heap   total 112640K, used 89330K [0x0000000084e00000, 0x0000000100000000)
  region size 1024K, 44 young (45056K), 5 survivors (5120K)
 Metaspace       used 78218K, committed 78848K, reserved 1179648K
  class space    used 10707K, committed 11008K, reserved 1048576K
}
Event: 89.956 GC heap after
{Heap after GC invocations=23 (full 0):
 garbage-first heap   total 112640K, used 62214K [0x0000000084e00000, 0x0000000100000000)
  region size 1024K, 6 young (6144K), 6 survivors (6144K)
 Metaspace       used 78218K, committed 78848K, reserved 1179648K
  class space    used 10707K, committed 11008K, reserved 1048576K
}
Event: 90.010 GC heap before
{Heap before GC invocations=23 (full 0):
 garbage-first heap   total 112640K, used 85766K [0x0000000084e00000, 0x0000000100000000)
  region size 1024K, 30 young (30720K), 6 survivors (6144K)
 Metaspace       used 78220K, committed 78848K, reserved 1179648K
  class space    used 10707K, committed 11008K, reserved 1048576K
}
Event: 90.017 GC heap after
{Heap after GC invocations=24 (full 0):
 garbage-first heap   total 112640K, used 66939K [0x0000000084e00000, 0x0000000100000000)
  region size 1024K, 4 young (4096K), 4 survivors (4096K)
 Metaspace       used 78220K, committed 78848K, reserved 1179648K
  class space    used 10707K, committed 11008K, reserved 1048576K
}
Event: 90.116 GC heap before
{Heap before GC invocations=25 (full 0):
 garbage-first heap   total 135168K, used 88443K [0x0000000084e00000, 0x0000000100000000)
  region size 1024K, 25 young (25600K), 4 survivors (4096K)
 Metaspace       used 78218K, committed 78848K, reserved 1179648K
  class space    used 10707K, committed 11008K, reserved 1048576K
}
Event: 90.122 GC heap after
{Heap after GC invocations=26 (full 0):
 garbage-first heap   total 135168K, used 69339K [0x0000000084e00000, 0x0000000100000000)
  region size 1024K, 3 young (3072K), 3 survivors (3072K)
 Metaspace       used 78218K, committed 78848K, reserved 1179648K
  class space    used 10707K, committed 11008K, reserved 1048576K
}
Event: 90.130 GC heap before
{Heap before GC invocations=26 (full 0):
 garbage-first heap   total 135168K, used 72411K [0x0000000084e00000, 0x0000000100000000)
  region size 1024K, 6 young (6144K), 3 survivors (3072K)
 Metaspace       used 78218K, committed 78848K, reserved 1179648K
  class space    used 10707K, committed 11008K, reserved 1048576K
}
Event: 90.134 GC heap after
{Heap after GC invocations=27 (full 0):
 garbage-first heap   total 270336K, used 68284K [0x0000000084e00000, 0x0000000100000000)
  region size 1024K, 1 young (1024K), 1 survivors (1024K)
 Metaspace       used 78218K, committed 78848K, reserved 1179648K
  class space    used 10707K, committed 11008K, reserved 1048576K
}
Event: 91.310 GC heap before
{Heap before GC invocations=27 (full 0):
 garbage-first heap   total 270336K, used 192188K [0x0000000084e00000, 0x0000000100000000)
  region size 1024K, 122 young (124928K), 1 survivors (1024K)
 Metaspace       used 79675K, committed 80320K, reserved 1179648K
  class space    used 10878K, committed 11200K, reserved 1048576K
}
Event: 91.318 GC heap after
{Heap after GC invocations=28 (full 0):
 garbage-first heap   total 270336K, used 73233K [0x0000000084e00000, 0x0000000100000000)
  region size 1024K, 6 young (6144K), 6 survivors (6144K)
 Metaspace       used 79675K, committed 80320K, reserved 1179648K
  class space    used 10878K, committed 11200K, reserved 1048576K
}

